{
  "stats": {
    "suites": 11,
    "tests": 22,
    "passes": 22,
    "pending": 0,
    "failures": 0,
    "start": "2021-06-22T20:53:04.368Z",
    "end": "2021-06-22T20:53:09.127Z",
    "duration": 4759,
    "testsRegistered": 22,
    "passPercent": 100,
    "pendingPercent": 0,
    "other": 0,
    "hasOther": false,
    "skipped": 0,
    "hasSkipped": false
  },
  "results": [
    {
      "uuid": "548cb3a8-64ce-4553-af76-71e20ce4639a",
      "title": "",
      "fullFile": "cypress/integration/project.spec.js",
      "file": "cypress/integration/project.spec.js",
      "beforeHooks": [],
      "afterHooks": [],
      "tests": [],
      "suites": [
        {
          "uuid": "40f49a3e-a5ce-48f0-ac58-6dae2e69337c",
          "title": "1 - Adicione uma cor de fundo específica para a página",
          "fullFile": "",
          "file": "",
          "beforeHooks": [],
          "afterHooks": [],
          "tests": [
            {
              "title": "Possuir cor de fundo: rgb(253, 251, 251)",
              "fullTitle": "1 - Adicione uma cor de fundo específica para a página Possuir cor de fundo: rgb(253, 251, 251)",
              "timedOut": null,
              "duration": 112,
              "state": "passed",
              "speed": "slow",
              "pass": true,
              "fail": false,
              "pending": false,
              "context": null,
              "code": "cy.get('body').should('have.css', 'backgroundColor', 'rgb(253, 251, 251)');",
              "err": {},
              "uuid": "fc946610-337e-462c-9dc8-ebc045d701f9",
              "parentUUID": "40f49a3e-a5ce-48f0-ac58-6dae2e69337c",
              "isHook": false,
              "skipped": false
            }
          ],
          "suites": [],
          "passes": [
            "fc946610-337e-462c-9dc8-ebc045d701f9"
          ],
          "failures": [],
          "pending": [],
          "skipped": [],
          "duration": 112,
          "root": false,
          "rootEmpty": false,
          "_timeout": 2000
        },
        {
          "uuid": "82bf7c35-a461-4527-b629-e5d64e16abeb",
          "title": "2 - Adicione uma barra superior com um título",
          "fullFile": "",
          "file": "",
          "beforeHooks": [],
          "afterHooks": [],
          "tests": [
            {
              "title": "A barra deve possuir o ID \"cabecalho\"",
              "fullTitle": "2 - Adicione uma barra superior com um título A barra deve possuir o ID \"cabecalho\"",
              "timedOut": null,
              "duration": 60,
              "state": "passed",
              "speed": "medium",
              "pass": true,
              "fail": false,
              "pending": false,
              "context": null,
              "code": "(0, _ActionBase.shouldExist)('#cabecalho');",
              "err": {},
              "uuid": "029e00a0-1afb-4f42-b4c5-fd345f225626",
              "parentUUID": "82bf7c35-a461-4527-b629-e5d64e16abeb",
              "isHook": false,
              "skipped": false
            },
            {
              "title": "A barra superior deve ser fixa no topo da página, com a propriedade top tendo o valor `0`",
              "fullTitle": "2 - Adicione uma barra superior com um título A barra superior deve ser fixa no topo da página, com a propriedade top tendo o valor `0`",
              "timedOut": null,
              "duration": 55,
              "state": "passed",
              "speed": "medium",
              "pass": true,
              "fail": false,
              "pending": false,
              "context": null,
              "code": "cy.get('#cabecalho').should('have.css', 'position', 'fixed').should('have.css', 'top', '0px');",
              "err": {},
              "uuid": "b8815d3e-4136-446c-b2aa-e240dbb6ceb3",
              "parentUUID": "82bf7c35-a461-4527-b629-e5d64e16abeb",
              "isHook": false,
              "skipped": false
            },
            {
              "title": "O título deve estar dentro da barra e possuir o ID \"titulo\", além de ser uma tag \"h1\"",
              "fullTitle": "2 - Adicione uma barra superior com um título O título deve estar dentro da barra e possuir o ID \"titulo\", além de ser uma tag \"h1\"",
              "timedOut": null,
              "duration": 53,
              "state": "passed",
              "speed": "medium",
              "pass": true,
              "fail": false,
              "pending": false,
              "context": null,
              "code": "(0, _ActionBase.shouldExist)('#cabecalho h1#titulo');",
              "err": {},
              "uuid": "7ba0ce48-cb35-461c-b04e-31d82edd574e",
              "parentUUID": "82bf7c35-a461-4527-b629-e5d64e16abeb",
              "isHook": false,
              "skipped": false
            }
          ],
          "suites": [],
          "passes": [
            "029e00a0-1afb-4f42-b4c5-fd345f225626",
            "b8815d3e-4136-446c-b2aa-e240dbb6ceb3",
            "7ba0ce48-cb35-461c-b04e-31d82edd574e"
          ],
          "failures": [],
          "pending": [],
          "skipped": [],
          "duration": 168,
          "root": false,
          "rootEmpty": false,
          "_timeout": 2000
        },
        {
          "uuid": "6b6926fe-7152-42ff-be34-b437c05f3f90",
          "title": "3 - Adicione uma foto sua à página",
          "fullFile": "",
          "file": "",
          "beforeHooks": [],
          "afterHooks": [],
          "tests": [
            {
              "title": "A foto deve ser inserida utilizando uma tag img com o ID \"minha_foto\"",
              "fullTitle": "3 - Adicione uma foto sua à página A foto deve ser inserida utilizando uma tag img com o ID \"minha_foto\"",
              "timedOut": null,
              "duration": 65,
              "state": "passed",
              "speed": "medium",
              "pass": true,
              "fail": false,
              "pending": false,
              "context": null,
              "code": "cy.get('img#minha_foto').should('have.attr', 'src');",
              "err": {},
              "uuid": "9d49fc43-b319-4505-b641-84695cff540a",
              "parentUUID": "6b6926fe-7152-42ff-be34-b437c05f3f90",
              "isHook": false,
              "skipped": false
            }
          ],
          "suites": [],
          "passes": [
            "9d49fc43-b319-4505-b641-84695cff540a"
          ],
          "failures": [],
          "pending": [],
          "skipped": [],
          "duration": 65,
          "root": false,
          "rootEmpty": false,
          "_timeout": 2000
        },
        {
          "uuid": "4b8714ce-3129-45c0-a7b9-a63398bca56c",
          "title": "4 - Adicione uma lista de lições aprendidas à página",
          "fullFile": "",
          "file": "",
          "beforeHooks": [],
          "afterHooks": [],
          "tests": [
            {
              "title": "A lista deve ser numerada e possuir o ID \"licoes_aprendidas\"",
              "fullTitle": "4 - Adicione uma lista de lições aprendidas à página A lista deve ser numerada e possuir o ID \"licoes_aprendidas\"",
              "timedOut": null,
              "duration": 64,
              "state": "passed",
              "speed": "medium",
              "pass": true,
              "fail": false,
              "pending": false,
              "context": null,
              "code": "(0, _ActionBase.shouldExist)('ol#licoes_aprendidas');",
              "err": {},
              "uuid": "4dd5ebd8-be9e-4f30-83ee-7e2aea8dd67c",
              "parentUUID": "4b8714ce-3129-45c0-a7b9-a63398bca56c",
              "isHook": false,
              "skipped": false
            },
            {
              "title": "A lista deve possuir 10 itens",
              "fullTitle": "4 - Adicione uma lista de lições aprendidas à página A lista deve possuir 10 itens",
              "timedOut": null,
              "duration": 76,
              "state": "passed",
              "speed": "slow",
              "pass": true,
              "fail": false,
              "pending": false,
              "context": null,
              "code": "cy.get('ol#licoes_aprendidas').find('li').should('have.length', 10);",
              "err": {},
              "uuid": "aee7c825-e740-45c7-a726-c90abd91f8f8",
              "parentUUID": "4b8714ce-3129-45c0-a7b9-a63398bca56c",
              "isHook": false,
              "skipped": false
            }
          ],
          "suites": [],
          "passes": [
            "4dd5ebd8-be9e-4f30-83ee-7e2aea8dd67c",
            "aee7c825-e740-45c7-a726-c90abd91f8f8"
          ],
          "failures": [],
          "pending": [],
          "skipped": [],
          "duration": 140,
          "root": false,
          "rootEmpty": false,
          "_timeout": 2000
        },
        {
          "uuid": "92cc22d7-37ec-4df2-b1a2-89be76ba25cf",
          "title": "5 - Crie uma lista de lições que ainda deseja aprender para a página",
          "fullFile": "",
          "file": "",
          "beforeHooks": [],
          "afterHooks": [],
          "tests": [
            {
              "title": "A lista não deve ser numerada e deve possuir o ID \"licoes_a_aprender\"",
              "fullTitle": "5 - Crie uma lista de lições que ainda deseja aprender para a página A lista não deve ser numerada e deve possuir o ID \"licoes_a_aprender\"",
              "timedOut": null,
              "duration": 62,
              "state": "passed",
              "speed": "medium",
              "pass": true,
              "fail": false,
              "pending": false,
              "context": null,
              "code": "(0, _ActionBase.shouldExist)('ul#licoes_a_aprender');",
              "err": {},
              "uuid": "b7c5388d-b0e7-46f4-acc9-41132d6764fc",
              "parentUUID": "92cc22d7-37ec-4df2-b1a2-89be76ba25cf",
              "isHook": false,
              "skipped": false
            },
            {
              "title": "A lista deve possuir 10 itens",
              "fullTitle": "5 - Crie uma lista de lições que ainda deseja aprender para a página A lista deve possuir 10 itens",
              "timedOut": null,
              "duration": 78,
              "state": "passed",
              "speed": "slow",
              "pass": true,
              "fail": false,
              "pending": false,
              "context": null,
              "code": "cy.get('ul#licoes_a_aprender').find('li').should('have.length', 10);",
              "err": {},
              "uuid": "3c4f987c-6791-462a-bc78-1b679446176f",
              "parentUUID": "92cc22d7-37ec-4df2-b1a2-89be76ba25cf",
              "isHook": false,
              "skipped": false
            }
          ],
          "suites": [],
          "passes": [
            "b7c5388d-b0e7-46f4-acc9-41132d6764fc",
            "3c4f987c-6791-462a-bc78-1b679446176f"
          ],
          "failures": [],
          "pending": [],
          "skipped": [],
          "duration": 140,
          "root": false,
          "rootEmpty": false,
          "_timeout": 2000
        },
        {
          "uuid": "8b7ab13d-bd47-4eaa-81ac-26b1be810a9b",
          "title": "6 - Adicione um rodapé para a página",
          "fullFile": "",
          "file": "",
          "beforeHooks": [],
          "afterHooks": [],
          "tests": [
            {
              "title": "O rodapé deve possuir o ID \"rodape\"",
              "fullTitle": "6 - Adicione um rodapé para a página O rodapé deve possuir o ID \"rodape\"",
              "timedOut": null,
              "duration": 58,
              "state": "passed",
              "speed": "medium",
              "pass": true,
              "fail": false,
              "pending": false,
              "context": null,
              "code": "cy.get('footer#rodape').should('exist');",
              "err": {},
              "uuid": "bf1d82b9-aa38-4ea3-88ff-768fe5eb4cd1",
              "parentUUID": "8b7ab13d-bd47-4eaa-81ac-26b1be810a9b",
              "isHook": false,
              "skipped": false
            }
          ],
          "suites": [],
          "passes": [
            "bf1d82b9-aa38-4ea3-88ff-768fe5eb4cd1"
          ],
          "failures": [],
          "pending": [],
          "skipped": [],
          "duration": 58,
          "root": false,
          "rootEmpty": false,
          "_timeout": 2000
        },
        {
          "uuid": "a1192826-640d-44f5-bb2f-8ee4fa7b7033",
          "title": "7 - Insira pelo menos um link externo na página",
          "fullFile": "",
          "file": "",
          "beforeHooks": [],
          "afterHooks": [],
          "tests": [
            {
              "title": "A configuração desse link deve ser feita para abrir em uma nova aba do navegador",
              "fullTitle": "7 - Insira pelo menos um link externo na página A configuração desse link deve ser feita para abrir em uma nova aba do navegador",
              "timedOut": null,
              "duration": 77,
              "state": "passed",
              "speed": "slow",
              "pass": true,
              "fail": false,
              "pending": false,
              "context": null,
              "code": "cy.get('a').then(function (a) {\n  var actual = Array.from(a).some(function (element) {\n    return element.target === '_blank' && element.href !== '';\n  });\n  expect(actual).to.be[\"true\"];\n});",
              "err": {},
              "uuid": "a69ca961-fff9-405a-9fcd-df03ca6a5f50",
              "parentUUID": "a1192826-640d-44f5-bb2f-8ee4fa7b7033",
              "isHook": false,
              "skipped": false
            }
          ],
          "suites": [],
          "passes": [
            "a69ca961-fff9-405a-9fcd-df03ca6a5f50"
          ],
          "failures": [],
          "pending": [],
          "skipped": [],
          "duration": 77,
          "root": false,
          "rootEmpty": false,
          "_timeout": 2000
        },
        {
          "uuid": "f6d640d1-c38a-4985-b09c-bfcf557dad97",
          "title": "8 - Crie um artigo sobre seu aprendizado",
          "fullFile": "",
          "file": "",
          "beforeHooks": [],
          "afterHooks": [],
          "tests": [
            {
              "title": "A `tag` `article` devem ser utilizadas",
              "fullTitle": "8 - Crie um artigo sobre seu aprendizado A `tag` `article` devem ser utilizadas",
              "timedOut": null,
              "duration": 61,
              "state": "passed",
              "speed": "medium",
              "pass": true,
              "fail": false,
              "pending": false,
              "context": null,
              "code": "(0, _ActionBase.shouldExist)('article');",
              "err": {},
              "uuid": "84e66bf6-1407-486d-9f54-e144e7ec71de",
              "parentUUID": "f6d640d1-c38a-4985-b09c-bfcf557dad97",
              "isHook": false,
              "skipped": false
            },
            {
              "title": "O artigo deve ter mais de 300 caracteres e menos de 600",
              "fullTitle": "8 - Crie um artigo sobre seu aprendizado O artigo deve ter mais de 300 caracteres e menos de 600",
              "timedOut": null,
              "duration": 71,
              "state": "passed",
              "speed": "medium",
              "pass": true,
              "fail": false,
              "pending": false,
              "context": null,
              "code": "cy.get('article').invoke('text').then(function (text) {\n  expect(text).to.have.length.of.at.most(600);\n  expect(text).to.have.length.of.at.above(300);\n});",
              "err": {},
              "uuid": "d9688d78-0d1c-415e-b953-cb791ab1486a",
              "parentUUID": "f6d640d1-c38a-4985-b09c-bfcf557dad97",
              "isHook": false,
              "skipped": false
            }
          ],
          "suites": [],
          "passes": [
            "84e66bf6-1407-486d-9f54-e144e7ec71de",
            "d9688d78-0d1c-415e-b953-cb791ab1486a"
          ],
          "failures": [],
          "pending": [],
          "skipped": [],
          "duration": 132,
          "root": false,
          "rootEmpty": false,
          "_timeout": 2000
        },
        {
          "uuid": "21cf26e0-b018-4a4a-9f97-f28bf5e3413d",
          "title": "9 - Crie uma seção que conta uma passagem sobre seu aprendizado",
          "fullFile": "",
          "file": "",
          "beforeHooks": [],
          "afterHooks": [],
          "tests": [
            {
              "title": "A `tag` `aside` deve ser utilizada",
              "fullTitle": "9 - Crie uma seção que conta uma passagem sobre seu aprendizado A `tag` `aside` deve ser utilizada",
              "timedOut": null,
              "duration": 64,
              "state": "passed",
              "speed": "medium",
              "pass": true,
              "fail": false,
              "pending": false,
              "context": null,
              "code": "(0, _ActionBase.shouldExist)('aside');",
              "err": {},
              "uuid": "9c8a8904-ea81-4871-be77-a1f3eb2b2113",
              "parentUUID": "21cf26e0-b018-4a4a-9f97-f28bf5e3413d",
              "isHook": false,
              "skipped": false
            },
            {
              "title": "A seção deve ter mais que 100 caracteres e menos que 300",
              "fullTitle": "9 - Crie uma seção que conta uma passagem sobre seu aprendizado A seção deve ter mais que 100 caracteres e menos que 300",
              "timedOut": null,
              "duration": 64,
              "state": "passed",
              "speed": "medium",
              "pass": true,
              "fail": false,
              "pending": false,
              "context": null,
              "code": "cy.get('aside').invoke('text').then(function (text) {\n  expect(text).to.have.length.of.at.above(100);\n  expect(text).to.have.length.of.at.most(300);\n});",
              "err": {},
              "uuid": "538662cc-1572-47e9-8eb9-8916b70907cc",
              "parentUUID": "21cf26e0-b018-4a4a-9f97-f28bf5e3413d",
              "isHook": false,
              "skipped": false
            }
          ],
          "suites": [],
          "passes": [
            "9c8a8904-ea81-4871-be77-a1f3eb2b2113",
            "538662cc-1572-47e9-8eb9-8916b70907cc"
          ],
          "failures": [],
          "pending": [],
          "skipped": [],
          "duration": 128,
          "root": false,
          "rootEmpty": false,
          "_timeout": 2000
        },
        {
          "uuid": "6cc80ee0-cdd4-4078-b7f2-6ffb68f8dc2a",
          "title": "10 - Aplique elementos HTML de acordo com o sentido e propósito de cada um deles",
          "fullFile": "",
          "file": "",
          "beforeHooks": [],
          "afterHooks": [],
          "tests": [
            {
              "title": "Validar se a página possui um elemento \"article\"",
              "fullTitle": "10 - Aplique elementos HTML de acordo com o sentido e propósito de cada um deles Validar se a página possui um elemento \"article\"",
              "timedOut": null,
              "duration": 63,
              "state": "passed",
              "speed": "medium",
              "pass": true,
              "fail": false,
              "pending": false,
              "context": null,
              "code": "(0, _ActionBase.shouldExist)('article');",
              "err": {},
              "uuid": "a5b217c1-ef31-4327-8459-69524ef4c7a4",
              "parentUUID": "6cc80ee0-cdd4-4078-b7f2-6ffb68f8dc2a",
              "isHook": false,
              "skipped": false
            },
            {
              "title": "Validar se a página possui um elemento \"header\"",
              "fullTitle": "10 - Aplique elementos HTML de acordo com o sentido e propósito de cada um deles Validar se a página possui um elemento \"header\"",
              "timedOut": null,
              "duration": 59,
              "state": "passed",
              "speed": "medium",
              "pass": true,
              "fail": false,
              "pending": false,
              "context": null,
              "code": "(0, _ActionBase.shouldExist)('header');",
              "err": {},
              "uuid": "f1455c3c-f745-4105-a827-7c48aef53a58",
              "parentUUID": "6cc80ee0-cdd4-4078-b7f2-6ffb68f8dc2a",
              "isHook": false,
              "skipped": false
            },
            {
              "title": "Validar se a página possui um elemento \"nav\"",
              "fullTitle": "10 - Aplique elementos HTML de acordo com o sentido e propósito de cada um deles Validar se a página possui um elemento \"nav\"",
              "timedOut": null,
              "duration": 56,
              "state": "passed",
              "speed": "medium",
              "pass": true,
              "fail": false,
              "pending": false,
              "context": null,
              "code": "(0, _ActionBase.shouldExist)('nav');",
              "err": {},
              "uuid": "111554da-df44-4097-96ba-5348720e5e9c",
              "parentUUID": "6cc80ee0-cdd4-4078-b7f2-6ffb68f8dc2a",
              "isHook": false,
              "skipped": false
            },
            {
              "title": "Validar se a página possui um elemento \"section\"",
              "fullTitle": "10 - Aplique elementos HTML de acordo com o sentido e propósito de cada um deles Validar se a página possui um elemento \"section\"",
              "timedOut": null,
              "duration": 61,
              "state": "passed",
              "speed": "medium",
              "pass": true,
              "fail": false,
              "pending": false,
              "context": null,
              "code": "(0, _ActionBase.shouldExist)('section');",
              "err": {},
              "uuid": "4892d66c-bcc5-4317-a378-9a7f983cae2d",
              "parentUUID": "6cc80ee0-cdd4-4078-b7f2-6ffb68f8dc2a",
              "isHook": false,
              "skipped": false
            },
            {
              "title": "Validar se a página possui um elemento \"aside\"",
              "fullTitle": "10 - Aplique elementos HTML de acordo com o sentido e propósito de cada um deles Validar se a página possui um elemento \"aside\"",
              "timedOut": null,
              "duration": 60,
              "state": "passed",
              "speed": "medium",
              "pass": true,
              "fail": false,
              "pending": false,
              "context": null,
              "code": "(0, _ActionBase.shouldExist)('aside');",
              "err": {},
              "uuid": "8e074df9-792e-4dc9-bde9-6e9e1a2c5707",
              "parentUUID": "6cc80ee0-cdd4-4078-b7f2-6ffb68f8dc2a",
              "isHook": false,
              "skipped": false
            },
            {
              "title": "Validar se a página possui um elemento \"footer\"",
              "fullTitle": "10 - Aplique elementos HTML de acordo com o sentido e propósito de cada um deles Validar se a página possui um elemento \"footer\"",
              "timedOut": null,
              "duration": 62,
              "state": "passed",
              "speed": "medium",
              "pass": true,
              "fail": false,
              "pending": false,
              "context": null,
              "code": "(0, _ActionBase.shouldExist)('footer');",
              "err": {},
              "uuid": "6646ab7a-6637-4b9b-84e0-67c2bfd190c1",
              "parentUUID": "6cc80ee0-cdd4-4078-b7f2-6ffb68f8dc2a",
              "isHook": false,
              "skipped": false
            }
          ],
          "suites": [],
          "passes": [
            "a5b217c1-ef31-4327-8459-69524ef4c7a4",
            "f1455c3c-f745-4105-a827-7c48aef53a58",
            "111554da-df44-4097-96ba-5348720e5e9c",
            "4892d66c-bcc5-4317-a378-9a7f983cae2d",
            "8e074df9-792e-4dc9-bde9-6e9e1a2c5707",
            "6646ab7a-6637-4b9b-84e0-67c2bfd190c1"
          ],
          "failures": [],
          "pending": [],
          "skipped": [],
          "duration": 361,
          "root": false,
          "rootEmpty": false,
          "_timeout": 2000
        },
        {
          "uuid": "b4364456-957a-4c1c-a573-75681ffe293e",
          "title": "11 - Teste a semântica da sua página está aprovada pelo site CodeSniffer",
          "fullFile": "",
          "file": "",
          "beforeHooks": [],
          "afterHooks": [],
          "tests": [
            {
              "title": "Seu site deve passar sem problemas na verificação de semântica do site CodeSniffer",
              "fullTitle": "11 - Teste a semântica da sua página está aprovada pelo site CodeSniffer Seu site deve passar sem problemas na verificação de semântica do site CodeSniffer",
              "timedOut": null,
              "duration": 2128,
              "state": "passed",
              "speed": "slow",
              "pass": true,
              "fail": false,
              "pending": false,
              "context": null,
              "code": "cy.readFile('./index.html').then(function (content) {\n  cy.visit('http://squizlabs.github.io/HTML_CodeSniffer/');\n  cy.get('#runHTMLCS').click();\n  cy.get('#source').invoke('val', content).trigger('input');\n  cy.get('#run-button').click();\n  cy.get('.result-count-errors').contains(/^0$/);\n});",
              "err": {},
              "uuid": "6f208b23-09ce-4515-a47e-5aba38c6b0f2",
              "parentUUID": "b4364456-957a-4c1c-a573-75681ffe293e",
              "isHook": false,
              "skipped": false
            }
          ],
          "suites": [],
          "passes": [
            "6f208b23-09ce-4515-a47e-5aba38c6b0f2"
          ],
          "failures": [],
          "pending": [],
          "skipped": [],
          "duration": 2128,
          "root": false,
          "rootEmpty": false,
          "_timeout": 2000
        }
      ],
      "passes": [],
      "failures": [],
      "pending": [],
      "skipped": [],
      "duration": 0,
      "root": true,
      "rootEmpty": true,
      "_timeout": 2000
    }
  ],
  "meta": {
    "mocha": {
      "version": "7.0.1"
    },
    "mochawesome": {
      "options": {
        "quiet": false,
        "reportFilename": "mochawesome",
        "saveHtml": false,
        "saveJson": true,
        "consoleReporter": "spec",
        "useInlineDiffs": false
      },
      "version": "4.1.0"
    },
    "marge": {
      "options": {
        "id": "default",
        "reportDir": "cypress/reports",
        "overwrite": false,
        "html": false,
        "json": true
      },
      "version": "4.1.0"
    }
  }
}